#
# There is insufficient memory for the Java Runtime Environment to continue.
# Native memory allocation (malloc) failed to allocate 1048576 bytes. Error detail: AllocateHeap
# Possible reasons:
#   The system is out of physical RAM or swap space
#   This process is running with CompressedOops enabled, and the Java Heap may be blocking the growth of the native heap
# Possible solutions:
#   Reduce memory load on the system
#   Increase physical memory or swap space
#   Check if swap backing store is full
#   Decrease Java heap size (-Xmx/-Xms)
#   Decrease number of Java threads
#   Decrease Java thread stack sizes (-Xss)
#   Set larger code cache with -XX:ReservedCodeCacheSize=
#   JVM is running with Unscaled Compressed Oops mode in which the Java heap is
#     placed in the first 4GB address space. The Java Heap base address is the
#     maximum limit for the native heap growth. Please use -XX:HeapBaseMinAddress
#     to set the Java Heap base and to place the Java Heap above 4GB virtual address.
# This output file may be truncated or incomplete.
#
#  Out of Memory Error (allocation.cpp:44), pid=34852, tid=30452
#
# JRE version: OpenJDK Runtime Environment Temurin-21.0.8+9 (21.0.8+9) (build 21.0.8+9-LTS)
# Java VM: OpenJDK 64-Bit Server VM Temurin-21.0.8+9 (21.0.8+9-LTS, mixed mode, sharing, tiered, compressed oops, compressed class ptrs, parallel gc, windows-amd64)
# No core dump will be written. Minidumps are not enabled by default on client versions of Windows
#

---------------  S U M M A R Y ------------

Command Line: --add-modules=ALL-SYSTEM --add-opens=java.base/java.util=ALL-UNNAMED --add-opens=java.base/java.lang=ALL-UNNAMED --add-opens=java.base/sun.nio.fs=ALL-UNNAMED -Declipse.application=org.eclipse.jdt.ls.core.id1 -Dosgi.bundles.defaultStartLevel=4 -Declipse.product=org.eclipse.jdt.ls.core.product -Djava.import.generatesMetadataFilesAtProjectRoot=false -DDetectVMInstallationsJob.disabled=true -Dfile.encoding=utf8 -XX:+UseParallelGC -XX:GCTimeRatio=4 -XX:AdaptiveSizePolicyWeight=90 -Dsun.zip.disableMemoryMapping=true -Xmx2G -Xms100m -Xlog:disable -javaagent:c:\Users\Clay\.vscode\extensions\redhat.java-1.45.0-win32-x64\lombok\lombok-1.18.39-4050.jar -XX:+HeapDumpOnOutOfMemoryError -XX:HeapDumpPath=c:\Users\Clay\AppData\Roaming\Code\User\workspaceStorage\b69d79a0f6273fe3e750f218708defd9\redhat.java -Daether.dependencyCollector.impl=bf c:\Users\Clay\.vscode\extensions\redhat.java-1.45.0-win32-x64\server\plugins\org.eclipse.equinox.launcher_1.7.0.v20250519-0528.jar -configuration c:\Users\Clay\AppData\Roaming\Code\User\globalStorage\redhat.java\1.45.0\config_win -data c:\Users\Clay\AppData\Roaming\Code\User\workspaceStorage\b69d79a0f6273fe3e750f218708defd9\redhat.java\jdt_ws --pipe=\\.\pipe\lsp-0ae55ce7bf795dec87208aaa4bcafee2-sock

Host: 13th Gen Intel(R) Core(TM) i5-13420H, 12 cores, 15G,  Windows 11 , 64 bit Build 26100 (10.0.26100.5074)
Time: Sun Oct  5 08:55:18 2025 Malay Peninsula Standard Time elapsed time: 57360.792501 seconds (0d 15h 56m 0s)

---------------  T H R E A D  ---------------

Current thread (0x0000021ee6647d50):  JavaThread "Attach Listener" daemon [_thread_in_vm, id=30452, stack(0x000000fbfcf00000,0x000000fbfd000000) (1024K)]

Stack: [0x000000fbfcf00000,0x000000fbfd000000]
Native frames: (J=compiled Java code, j=interpreted, Vv=VM code, C=native code)
V  [jvm.dll+0x6d2449]
V  [jvm.dll+0x8ae341]
V  [jvm.dll+0x8b08be]
V  [jvm.dll+0x8b0fa3]
V  [jvm.dll+0x280c96]
V  [jvm.dll+0xc0347]
V  [jvm.dll+0x6d2cf9]
V  [jvm.dll+0x131116]
V  [jvm.dll+0x3f2d16]
V  [jvm.dll+0x857e6b]
V  [jvm.dll+0x6d0b0d]
C  [ucrtbase.dll+0x37b0]
C  [KERNEL32.DLL+0x2e8d7]
C  [ntdll.dll+0x8d9c]


---------------  P R O C E S S  ---------------

Threads class SMR info:
_java_thread_list=0x0000021ef059a3c0, length=40, elements={
0x0000021ecddac640, 0x0000021ee66404a0, 0x0000021ee6643820, 0x0000021ee6646fd0,
0x0000021ee6647d50, 0x0000021ee664a180, 0x0000021ee6650780, 0x0000021ee665ee50,
0x0000021ee6660090, 0x0000021ee6771ca0, 0x0000021ee69d27f0, 0x0000021eeb67afb0,
0x0000021ee6700a90, 0x0000021ee6a2e420, 0x0000021eeb0af3f0, 0x0000021ee67aa820,
0x0000021eebabfa00, 0x0000021eebd91310, 0x0000021eebd92030, 0x0000021eebd90c80,
0x0000021eebd926c0, 0x0000021eebd92d50, 0x0000021eec66e160, 0x0000021eec66dad0,
0x0000021eec670f50, 0x0000021eec671c70, 0x0000021eec6715e0, 0x0000021eec6708c0,
0x0000021eec66e7f0, 0x0000021eec672300, 0x0000021eec66ee80, 0x0000021eec672990,
0x0000021eec66f510, 0x0000021eec673020, 0x0000021eec66fba0, 0x0000021eec6736b0,
0x0000021eec670230, 0x0000021eec673d40, 0x0000021eec674a60, 0x0000021eef72e000
}

Java Threads: ( => current thread )
  0x0000021ecddac640 JavaThread "main"                              [_thread_blocked, id=14960, stack(0x000000fbfc800000,0x000000fbfc900000) (1024K)]
  0x0000021ee66404a0 JavaThread "Reference Handler"          daemon [_thread_blocked, id=38692, stack(0x000000fbfcc00000,0x000000fbfcd00000) (1024K)]
  0x0000021ee6643820 JavaThread "Finalizer"                  daemon [_thread_blocked, id=42212, stack(0x000000fbfcd00000,0x000000fbfce00000) (1024K)]
  0x0000021ee6646fd0 JavaThread "Signal Dispatcher"          daemon [_thread_blocked, id=7740, stack(0x000000fbfce00000,0x000000fbfcf00000) (1024K)]
=>0x0000021ee6647d50 JavaThread "Attach Listener"            daemon [_thread_in_vm, id=30452, stack(0x000000fbfcf00000,0x000000fbfd000000) (1024K)]
  0x0000021ee664a180 JavaThread "Service Thread"             daemon [_thread_blocked, id=42012, stack(0x000000fbfd000000,0x000000fbfd100000) (1024K)]
  0x0000021ee6650780 JavaThread "Monitor Deflation Thread"   daemon [_thread_blocked, id=14352, stack(0x000000fbfd100000,0x000000fbfd200000) (1024K)]
  0x0000021ee665ee50 JavaThread "C2 CompilerThread0"         daemon [_thread_blocked, id=39476, stack(0x000000fbfd200000,0x000000fbfd300000) (1024K)]
  0x0000021ee6660090 JavaThread "C1 CompilerThread0"         daemon [_thread_blocked, id=29636, stack(0x000000fbfd300000,0x000000fbfd400000) (1024K)]
  0x0000021ee6771ca0 JavaThread "Common-Cleaner"             daemon [_thread_blocked, id=41840, stack(0x000000fbfd400000,0x000000fbfd500000) (1024K)]
  0x0000021ee69d27f0 JavaThread "Notification Thread"        daemon [_thread_blocked, id=39364, stack(0x000000fbfd600000,0x000000fbfd700000) (1024K)]
  0x0000021eeb67afb0 JavaThread "Active Thread: Equinox Container: 5405a615-524b-4eac-a9ea-5b0b92a38e40"        [_thread_blocked, id=14212, stack(0x000000fbfde00000,0x000000fbfdf00000) (1024K)]
  0x0000021ee6700a90 JavaThread "Refresh Thread: Equinox Container: 5405a615-524b-4eac-a9ea-5b0b92a38e40" daemon [_thread_blocked, id=38908, stack(0x000000fbfd500000,0x000000fbfd600000) (1024K)]
  0x0000021ee6a2e420 JavaThread "Framework Event Dispatcher: Equinox Container: 5405a615-524b-4eac-a9ea-5b0b92a38e40" daemon [_thread_blocked, id=39336, stack(0x000000fbfdf00000,0x000000fbfe000000) (1024K)]
  0x0000021eeb0af3f0 JavaThread "Start Level: Equinox Container: 5405a615-524b-4eac-a9ea-5b0b92a38e40" daemon [_thread_blocked, id=39048, stack(0x000000fbfe000000,0x000000fbfe100000) (1024K)]
  0x0000021ee67aa820 JavaThread "Bundle File Closer"         daemon [_thread_blocked, id=40596, stack(0x000000fbfe100000,0x000000fbfe200000) (1024K)]
  0x0000021eebabfa00 JavaThread "SCR Component Actor"        daemon [_thread_blocked, id=39880, stack(0x000000fbfe400000,0x000000fbfe500000) (1024K)]
  0x0000021eebd91310 JavaThread "Worker-JM"                         [_thread_blocked, id=2672, stack(0x000000fbfe800000,0x000000fbfe900000) (1024K)]
  0x0000021eebd92030 JavaThread "Worker-1"                          [_thread_blocked, id=42704, stack(0x000000fbfea00000,0x000000fbfeb00000) (1024K)]
  0x0000021eebd90c80 JavaThread "Java indexing"              daemon [_thread_blocked, id=36064, stack(0x000000fbfeb00000,0x000000fbfec00000) (1024K)]
  0x0000021eebd926c0 JavaThread "JNA Cleaner"                daemon [_thread_blocked, id=40924, stack(0x000000fbfed00000,0x000000fbfee00000) (1024K)]
  0x0000021eebd92d50 JavaThread "Worker-3"                          [_thread_blocked, id=29524, stack(0x000000fbff000000,0x000000fbff100000) (1024K)]
  0x0000021eec66e160 JavaThread "Thread-2"                   daemon [_thread_in_native, id=39204, stack(0x000000fbff300000,0x000000fbff400000) (1024K)]
  0x0000021eec66dad0 JavaThread "Thread-3"                   daemon [_thread_in_native, id=34372, stack(0x000000fbff400000,0x000000fbff500000) (1024K)]
  0x0000021eec670f50 JavaThread "Thread-4"                   daemon [_thread_in_native, id=41020, stack(0x000000fbff500000,0x000000fbff600000) (1024K)]
  0x0000021eec671c70 JavaThread "Thread-5"                   daemon [_thread_in_native, id=42644, stack(0x000000fbff600000,0x000000fbff700000) (1024K)]
  0x0000021eec6715e0 JavaThread "Thread-6"                   daemon [_thread_in_native, id=28284, stack(0x000000fbff700000,0x000000fbff800000) (1024K)]
  0x0000021eec6708c0 JavaThread "Thread-7"                   daemon [_thread_in_native, id=13212, stack(0x000000fbff800000,0x000000fbff900000) (1024K)]
  0x0000021eec66e7f0 JavaThread "Thread-8"                   daemon [_thread_in_native, id=2948, stack(0x000000fbff900000,0x000000fbffa00000) (1024K)]
  0x0000021eec672300 JavaThread "Thread-9"                   daemon [_thread_in_native, id=39352, stack(0x000000fbffa00000,0x000000fbffb00000) (1024K)]
  0x0000021eec66ee80 JavaThread "Thread-10"                  daemon [_thread_in_native, id=39592, stack(0x000000fbffb00000,0x000000fbffc00000) (1024K)]
  0x0000021eec672990 JavaThread "Thread-11"                  daemon [_thread_in_native, id=22236, stack(0x000000fbffc00000,0x000000fbffd00000) (1024K)]
  0x0000021eec66f510 JavaThread "Thread-12"                  daemon [_thread_in_native, id=39712, stack(0x000000fbffd00000,0x000000fbffe00000) (1024K)]
  0x0000021eec673020 JavaThread "Thread-13"                  daemon [_thread_in_native, id=6020, stack(0x000000fbffe00000,0x000000fbfff00000) (1024K)]
  0x0000021eec66fba0 JavaThread "Thread-14"                  daemon [_thread_in_native, id=27036, stack(0x000000fbfff00000,0x000000fc00000000) (1024K)]
  0x0000021eec6736b0 JavaThread "pool-2-thread-1"                   [_thread_blocked, id=39412, stack(0x000000fb80000000,0x000000fb80100000) (1024K)]
  0x0000021eec670230 JavaThread "WorkspaceEventsHandler"            [_thread_blocked, id=39688, stack(0x000000fb80200000,0x000000fb80300000) (1024K)]
  0x0000021eec673d40 JavaThread "pool-1-thread-1"                   [_thread_blocked, id=37736, stack(0x000000fb80300000,0x000000fb80400000) (1024K)]
  0x0000021eec674a60 JavaThread "pool-3-thread-1"                   [_thread_blocked, id=10792, stack(0x000000fb80500000,0x000000fb80600000) (1024K)]
  0x0000021eef72e000 JavaThread "Cleaner-0"                  daemon [_thread_blocked, id=38652, stack(0x000000fb81e00000,0x000000fb81f00000) (1024K)]
Total: 40

Other Threads:
  0x0000021ecdd430a0 VMThread "VM Thread"                           [id=19748, stack(0x000000fbfcb00000,0x000000fbfcc00000) (1024K)]
  0x0000021ecdc3ca00 WatcherThread "VM Periodic Task Thread"        [id=32656, stack(0x000000fbfca00000,0x000000fbfcb00000) (1024K)]
  0x0000021ecddcacb0 WorkerThread "GC Thread#0"                     [id=42404, stack(0x000000fbfc900000,0x000000fbfca00000) (1024K)]
  0x0000021eeb36d050 WorkerThread "GC Thread#1"                     [id=14184, stack(0x000000fbfd800000,0x000000fbfd900000) (1024K)]
  0x0000021eeb36d3f0 WorkerThread "GC Thread#2"                     [id=42656, stack(0x000000fbfd900000,0x000000fbfda00000) (1024K)]
  0x0000021eeb36d790 WorkerThread "GC Thread#3"                     [id=1952, stack(0x000000fbfda00000,0x000000fbfdb00000) (1024K)]
  0x0000021eeb0d7990 WorkerThread "GC Thread#4"                     [id=25412, stack(0x000000fbfdb00000,0x000000fbfdc00000) (1024K)]
  0x0000021eeb0d7d30 WorkerThread "GC Thread#5"                     [id=26884, stack(0x000000fbfdc00000,0x000000fbfdd00000) (1024K)]
  0x0000021eeb0d80d0 WorkerThread "GC Thread#6"                     [id=12408, stack(0x000000fbfdd00000,0x000000fbfde00000) (1024K)]
  0x0000021ee6701140 WorkerThread "GC Thread#7"                     [id=41236, stack(0x000000fbfd700000,0x000000fbfd800000) (1024K)]
  0x0000021ee6702700 WorkerThread "GC Thread#8"                     [id=42632, stack(0x000000fbfe200000,0x000000fbfe300000) (1024K)]
  0x0000021ee6701880 WorkerThread "GC Thread#9"                     [id=9228, stack(0x000000fbfe300000,0x000000fbfe400000) (1024K)]
Total: 12

Threads with active compile tasks:
Total: 0

VM state: not at safepoint (normal execution)

VM Mutex/Monitor currently owned by a thread: None

Heap address: 0x0000000080000000, size: 2048 MB, Compressed Oops mode: 32-bit

CDS archive(s) mapped at: [0x0000021e80000000-0x0000021e80ba0000-0x0000021e80ba0000), size 12189696, SharedBaseAddress: 0x0000021e80000000, ArchiveRelocationMode: 1.
Compressed class space mapped at: 0x0000021e81000000-0x0000021ec1000000, reserved size: 1073741824
Narrow klass base: 0x0000021e80000000, Narrow klass shift: 0, Narrow klass range: 0x100000000

GC Precious Log:
 CardTable entry size: 512
 CPUs: 12 total, 12 available
 Memory: 16087M
 Large Page Support: Disabled
 NUMA Support: Disabled
 Compressed Oops: Enabled (32-bit)
 Alignments: Space 512K, Generation 512K, Heap 2M
 Heap Min Capacity: 100M
 Heap Initial Capacity: 100M
 Heap Max Capacity: 2G
 Pre-touch: Disabled
 Parallel Workers: 10

Heap:
 PSYoungGen      total 2560K, used 1047K [0x00000000d5580000, 0x00000000d5880000, 0x0000000100000000)
  eden space 2048K, 32% used [0x00000000d5580000,0x00000000d5625dd8,0x00000000d5780000)
  from space 512K, 75% used [0x00000000d5780000,0x00000000d57e0020,0x00000000d5800000)
  to   space 512K, 0% used [0x00000000d5800000,0x00000000d5800000,0x00000000d5880000)
 ParOldGen       total 678912K, used 240013K [0x0000000080000000, 0x00000000a9700000, 0x00000000d5580000)
  object space 678912K, 35% used [0x0000000080000000,0x000000008ea634f0,0x00000000a9700000)
 Metaspace       used 78396K, committed 80000K, reserved 1179648K
  class space    used 8225K, committed 8960K, reserved 1048576K

Card table byte_map: [0x0000021ecd750000,0x0000021ecdb60000] _byte_map_base: 0x0000021ecd350000

Marking Bits: (ParMarkBitMap*) 0x00007ff9b70aa340
 Begin Bits: [0x0000021ee0250000, 0x0000021ee2250000)
 End Bits:   [0x0000021ee2250000, 0x0000021ee4250000)

Polling page: 0x0000021ecbb70000

Metaspace:

Usage:
  Non-class:     68.53 MB used.
      Class:      8.03 MB used.
       Both:     76.56 MB used.

Virtual space:
  Non-class space:      128.00 MB reserved,      69.38 MB ( 54%) committed,  2 nodes.
      Class space:        1.00 GB reserved,       8.75 MB ( <1%) committed,  1 nodes.
             Both:        1.12 GB reserved,      78.12 MB (  7%) committed. 

Chunk freelists:
   Non-Class:  10.45 MB
       Class:  7.10 MB
        Both:  17.55 MB

MaxMetaspaceSize: unlimited
CompressedClassSpaceSize: 1.00 GB
Initial GC threshold: 21.00 MB
Current GC threshold: 130.12 MB
CDS: on
 - commit_granule_bytes: 65536.
 - commit_granule_words: 8192.
 - virtual_space_node_default_size: 8388608.
 - enlarge_chunks_in_place: 1.
 - use_allocation_guard: 0.


Internal statistics:

num_allocs_failed_limit: 9.
num_arena_births: 1296.
num_arena_deaths: 30.
num_vsnodes_births: 3.
num_vsnodes_deaths: 0.
num_space_committed: 1250.
num_space_uncommitted: 0.
num_chunks_returned_to_freelist: 46.
num_chunks_taken_from_freelist: 4938.
num_chunk_merges: 11.
num_chunk_splits: 2996.
num_chunks_enlarged: 1647.
num_inconsistent_stats: 0.

CodeHeap 'non-profiled nmethods': size=120000Kb used=12612Kb max_used=13262Kb free=107387Kb
 bounds [0x0000021ed8a70000, 0x0000021ed9770000, 0x0000021edffa0000]
CodeHeap 'profiled nmethods': size=120000Kb used=34078Kb max_used=36191Kb free=85921Kb
 bounds [0x0000021ed0fa0000, 0x0000021ed3300000, 0x0000021ed84d0000]
CodeHeap 'non-nmethods': size=5760Kb used=1512Kb max_used=1619Kb free=4247Kb
 bounds [0x0000021ed84d0000, 0x0000021ed8740000, 0x0000021ed8a70000]
CodeCache: size=245760Kb, used=48202Kb, max_used=51072Kb, free=197555Kb
 total_blobs=14661, nmethods=13830, adapters=732, full_count=0
Compilation: enabled, stopped_count=0, restarted_count=0

Compilation events (20 events):
Event: 55843.149 Thread 0x0000021ee6660090 15412       3       java.util.concurrent.locks.AbstractQueuedSynchronizer$ConditionObject::await (207 bytes)
Event: 55843.154 Thread 0x0000021ee6660090 nmethod 15412 0x0000021ed1557390 code [0x0000021ed15576a0, 0x0000021ed1558560]
Event: 55893.345 Thread 0x0000021ee6660090 15413       3       java.lang.ref.ReferenceQueue::await (15 bytes)
Event: 55893.347 Thread 0x0000021ee6660090 nmethod 15413 0x0000021ed1039110 code [0x0000021ed10392c0, 0x0000021ed1039460]
Event: 55938.300 Thread 0x0000021ee6660090 15414       3       org.eclipse.jdt.ls.core.internal.ParentProcessWatcher::run (83 bytes)
Event: 55938.321 Thread 0x0000021ee6660090 nmethod 15414 0x0000021ed10e5790 code [0x0000021ed10e5a20, 0x0000021ed10e6408]
Event: 55938.321 Thread 0x0000021ee6660090 15415   !   3       org.eclipse.jdt.ls.core.internal.ParentProcessWatcher::parentProcessStillRunning (492 bytes)
Event: 55938.360 Thread 0x0000021ee6660090 nmethod 15415 0x0000021ed10cb190 code [0x0000021ed10cbaa0, 0x0000021ed10cf7c0]
Event: 56198.523 Thread 0x0000021ee6660090 15416   !   3       java.util.concurrent.ScheduledThreadPoolExecutor$DelayedWorkQueue::offer (123 bytes)
Event: 56198.528 Thread 0x0000021ee6660090 nmethod 15416 0x0000021ed1dffa90 code [0x0000021ed1dffda0, 0x0000021ed1e01130]
Event: 56198.528 Thread 0x0000021ee6660090 15417   !   3       java.util.concurrent.ScheduledThreadPoolExecutor$DelayedWorkQueue::take (203 bytes)
Event: 56198.533 Thread 0x0000021ee6660090 nmethod 15417 0x0000021ed11cf810 code [0x0000021ed11cfbc0, 0x0000021ed11d1440]
Event: 56224.640 Thread 0x0000021ee6660090 15418   !   3       java.util.concurrent.FutureTask::runAndReset (125 bytes)
Event: 56224.673 Thread 0x0000021ee6660090 nmethod 15418 0x0000021ed111db90 code [0x0000021ed111e000, 0x0000021ed11206b8]
Event: 56224.673 Thread 0x0000021ee6660090 15419       3       java.util.concurrent.ScheduledThreadPoolExecutor$ScheduledFutureTask::setNextRunTime (38 bytes)
Event: 56224.673 Thread 0x0000021ee6660090 nmethod 15419 0x0000021ed10cad10 code [0x0000021ed10caec0, 0x0000021ed10cb0d0]
Event: 56224.673 Thread 0x0000021ee6660090 15420       3       java.util.concurrent.ScheduledThreadPoolExecutor::reExecutePeriodic (49 bytes)
Event: 56224.674 Thread 0x0000021ee6660090 nmethod 15420 0x0000021ed1305810 code [0x0000021ed1305a40, 0x0000021ed13060c0]
Event: 56348.656 Thread 0x0000021ee6660090 15421       3       java.lang.ProcessHandleImpl::<init> (15 bytes)
Event: 56348.661 Thread 0x0000021ee6660090 nmethod 15421 0x0000021ed10eae90 code [0x0000021ed10eb040, 0x0000021ed10eb1b0]

GC Heap History (20 events):
Event: 912.744 GC heap before
{Heap before GC invocations=662 (full 3):
 PSYoungGen      total 2048K, used 1664K [0x00000000d5580000, 0x00000000d5900000, 0x0000000100000000)
  eden space 1024K, 100% used [0x00000000d5580000,0x00000000d5680000,0x00000000d5680000)
  from space 1024K, 62% used [0x00000000d5800000,0x00000000d58a0000,0x00000000d5900000)
  to   space 1024K, 0% used [0x00000000d5700000,0x00000000d5700000,0x00000000d5800000)
 ParOldGen       total 676864K, used 676569K [0x0000000080000000, 0x00000000a9500000, 0x00000000d5580000)
  object space 676864K, 99% used [0x0000000080000000,0x00000000a94b6408,0x00000000a9500000)
 Metaspace       used 78332K, committed 79936K, reserved 1179648K
  class space    used 8229K, committed 8960K, reserved 1048576K
}
Event: 912.748 GC heap after
{Heap after GC invocations=662 (full 3):
 PSYoungGen      total 2560K, used 448K [0x00000000d5580000, 0x00000000d5900000, 0x0000000100000000)
  eden space 1536K, 0% used [0x00000000d5580000,0x00000000d5580000,0x00000000d5700000)
  from space 1024K, 43% used [0x00000000d5700000,0x00000000d5770000,0x00000000d5800000)
  to   space 1024K, 0% used [0x00000000d5800000,0x00000000d5800000,0x00000000d5900000)
 ParOldGen       total 677376K, used 677097K [0x0000000080000000, 0x00000000a9580000, 0x00000000d5580000)
  object space 677376K, 99% used [0x0000000080000000,0x00000000a953a408,0x00000000a9580000)
 Metaspace       used 78332K, committed 79936K, reserved 1179648K
  class space    used 8229K, committed 8960K, reserved 1048576K
}
Event: 912.921 GC heap before
{Heap before GC invocations=663 (full 3):
 PSYoungGen      total 2560K, used 1984K [0x00000000d5580000, 0x00000000d5900000, 0x0000000100000000)
  eden space 1536K, 100% used [0x00000000d5580000,0x00000000d5700000,0x00000000d5700000)
  from space 1024K, 43% used [0x00000000d5700000,0x00000000d5770000,0x00000000d5800000)
  to   space 1024K, 0% used [0x00000000d5800000,0x00000000d5800000,0x00000000d5900000)
 ParOldGen       total 677376K, used 677097K [0x0000000080000000, 0x00000000a9580000, 0x00000000d5580000)
  object space 677376K, 99% used [0x0000000080000000,0x00000000a953a408,0x00000000a9580000)
 Metaspace       used 78332K, committed 79936K, reserved 1179648K
  class space    used 8229K, committed 8960K, reserved 1048576K
}
Event: 912.923 GC heap after
{Heap after GC invocations=663 (full 3):
 PSYoungGen      total 2560K, used 593K [0x00000000d5580000, 0x00000000d5980000, 0x0000000100000000)
  eden space 1536K, 0% used [0x00000000d5580000,0x00000000d5580000,0x00000000d5700000)
  from space 1024K, 58% used [0x00000000d5800000,0x00000000d58947d8,0x00000000d5900000)
  to   space 1024K, 0% used [0x00000000d5700000,0x00000000d5700000,0x00000000d5800000)
 ParOldGen       total 677376K, used 677369K [0x0000000080000000, 0x00000000a9580000, 0x00000000d5580000)
  object space 677376K, 99% used [0x0000000080000000,0x00000000a957e408,0x00000000a9580000)
 Metaspace       used 78332K, committed 79936K, reserved 1179648K
  class space    used 8229K, committed 8960K, reserved 1048576K
}
Event: 912.932 GC heap before
{Heap before GC invocations=664 (full 3):
 PSYoungGen      total 2560K, used 2129K [0x00000000d5580000, 0x00000000d5980000, 0x0000000100000000)
  eden space 1536K, 100% used [0x00000000d5580000,0x00000000d5700000,0x00000000d5700000)
  from space 1024K, 58% used [0x00000000d5800000,0x00000000d58947d8,0x00000000d5900000)
  to   space 1024K, 0% used [0x00000000d5700000,0x00000000d5700000,0x00000000d5800000)
 ParOldGen       total 677376K, used 677369K [0x0000000080000000, 0x00000000a9580000, 0x00000000d5580000)
  object space 677376K, 99% used [0x0000000080000000,0x00000000a957e408,0x00000000a9580000)
 Metaspace       used 78333K, committed 79936K, reserved 1179648K
  class space    used 8229K, committed 8960K, reserved 1048576K
}
Event: 912.934 GC heap after
{Heap after GC invocations=664 (full 3):
 PSYoungGen      total 2560K, used 352K [0x00000000d5580000, 0x00000000d5880000, 0x0000000100000000)
  eden space 1536K, 0% used [0x00000000d5580000,0x00000000d5580000,0x00000000d5700000)
  from space 1024K, 34% used [0x00000000d5700000,0x00000000d5758000,0x00000000d5800000)
  to   space 512K, 0% used [0x00000000d5800000,0x00000000d5800000,0x00000000d5880000)
 ParOldGen       total 677888K, used 677401K [0x0000000080000000, 0x00000000a9600000, 0x00000000d5580000)
  object space 677888K, 99% used [0x0000000080000000,0x00000000a9586408,0x00000000a9600000)
 Metaspace       used 78333K, committed 79936K, reserved 1179648K
  class space    used 8229K, committed 8960K, reserved 1048576K
}
Event: 912.942 GC heap before
{Heap before GC invocations=665 (full 3):
 PSYoungGen      total 2560K, used 1888K [0x00000000d5580000, 0x00000000d5880000, 0x0000000100000000)
  eden space 1536K, 100% used [0x00000000d5580000,0x00000000d5700000,0x00000000d5700000)
  from space 1024K, 34% used [0x00000000d5700000,0x00000000d5758000,0x00000000d5800000)
  to   space 512K, 0% used [0x00000000d5800000,0x00000000d5800000,0x00000000d5880000)
 ParOldGen       total 677888K, used 677401K [0x0000000080000000, 0x00000000a9600000, 0x00000000d5580000)
  object space 677888K, 99% used [0x0000000080000000,0x00000000a9586408,0x00000000a9600000)
 Metaspace       used 78335K, committed 79936K, reserved 1179648K
  class space    used 8229K, committed 8960K, reserved 1048576K
}
Event: 912.945 GC heap after
{Heap after GC invocations=665 (full 3):
 PSYoungGen      total 1536K, used 480K [0x00000000d5580000, 0x00000000d5a80000, 0x0000000100000000)
  eden space 1024K, 0% used [0x00000000d5580000,0x00000000d5580000,0x00000000d5680000)
  from space 512K, 93% used [0x00000000d5800000,0x00000000d5878080,0x00000000d5880000)
  to   space 1536K, 0% used [0x00000000d5680000,0x00000000d5680000,0x00000000d5800000)
 ParOldGen       total 678400K, used 677958K [0x0000000080000000, 0x00000000a9680000, 0x00000000d5580000)
  object space 678400K, 99% used [0x0000000080000000,0x00000000a9611898,0x00000000a9680000)
 Metaspace       used 78335K, committed 79936K, reserved 1179648K
  class space    used 8229K, committed 8960K, reserved 1048576K
}
Event: 912.948 GC heap before
{Heap before GC invocations=666 (full 3):
 PSYoungGen      total 1536K, used 1504K [0x00000000d5580000, 0x00000000d5a80000, 0x0000000100000000)
  eden space 1024K, 100% used [0x00000000d5580000,0x00000000d5680000,0x00000000d5680000)
  from space 512K, 93% used [0x00000000d5800000,0x00000000d5878080,0x00000000d5880000)
  to   space 1536K, 0% used [0x00000000d5680000,0x00000000d5680000,0x00000000d5800000)
 ParOldGen       total 678400K, used 677958K [0x0000000080000000, 0x00000000a9680000, 0x00000000d5580000)
  object space 678400K, 99% used [0x0000000080000000,0x00000000a9611898,0x00000000a9680000)
 Metaspace       used 78340K, committed 79936K, reserved 1179648K
  class space    used 8229K, committed 8960K, reserved 1048576K
}
Event: 912.950 GC heap after
{Heap after GC invocations=666 (full 3):
 PSYoungGen      total 2560K, used 384K [0x00000000d5580000, 0x00000000d5900000, 0x0000000100000000)
  eden space 1024K, 0% used [0x00000000d5580000,0x00000000d5580000,0x00000000d5680000)
  from space 1536K, 25% used [0x00000000d5680000,0x00000000d56e0000,0x00000000d5800000)
  to   space 1024K, 0% used [0x00000000d5800000,0x00000000d5800000,0x00000000d5900000)
 ParOldGen       total 678912K, used 678491K [0x0000000080000000, 0x00000000a9700000, 0x00000000d5580000)
  object space 678912K, 99% used [0x0000000080000000,0x00000000a9696c30,0x00000000a9700000)
 Metaspace       used 78340K, committed 79936K, reserved 1179648K
  class space    used 8229K, committed 8960K, reserved 1048576K
}
Event: 912.952 GC heap before
{Heap before GC invocations=667 (full 3):
 PSYoungGen      total 2560K, used 420K [0x00000000d5580000, 0x00000000d5900000, 0x0000000100000000)
  eden space 1024K, 3% used [0x00000000d5580000,0x00000000d55893e8,0x00000000d5680000)
  from space 1536K, 25% used [0x00000000d5680000,0x00000000d56e0000,0x00000000d5800000)
  to   space 1024K, 0% used [0x00000000d5800000,0x00000000d5800000,0x00000000d5900000)
 ParOldGen       total 678912K, used 678491K [0x0000000080000000, 0x00000000a9700000, 0x00000000d5580000)
  object space 678912K, 99% used [0x0000000080000000,0x00000000a9696c30,0x00000000a9700000)
 Metaspace       used 78340K, committed 79936K, reserved 1179648K
  class space    used 8229K, committed 8960K, reserved 1048576K
}
Event: 912.953 GC heap after
{Heap after GC invocations=667 (full 3):
 PSYoungGen      total 2048K, used 224K [0x00000000d5580000, 0x00000000d5880000, 0x0000000100000000)
  eden space 1536K, 0% used [0x00000000d5580000,0x00000000d5580000,0x00000000d5700000)
  from space 512K, 43% used [0x00000000d5800000,0x00000000d5838000,0x00000000d5880000)
  to   space 512K, 0% used [0x00000000d5780000,0x00000000d5780000,0x00000000d5800000)
 ParOldGen       total 678912K, used 678797K [0x0000000080000000, 0x00000000a9700000, 0x00000000d5580000)
  object space 678912K, 99% used [0x0000000080000000,0x00000000a96e36d8,0x00000000a9700000)
 Metaspace       used 78340K, committed 79936K, reserved 1179648K
  class space    used 8229K, committed 8960K, reserved 1048576K
}
Event: 912.953 GC heap before
{Heap before GC invocations=668 (full 4):
 PSYoungGen      total 2048K, used 224K [0x00000000d5580000, 0x00000000d5880000, 0x0000000100000000)
  eden space 1536K, 0% used [0x00000000d5580000,0x00000000d5580000,0x00000000d5700000)
  from space 512K, 43% used [0x00000000d5800000,0x00000000d5838000,0x00000000d5880000)
  to   space 512K, 0% used [0x00000000d5780000,0x00000000d5780000,0x00000000d5800000)
 ParOldGen       total 678912K, used 678797K [0x0000000080000000, 0x00000000a9700000, 0x00000000d5580000)
  object space 678912K, 99% used [0x0000000080000000,0x00000000a96e36d8,0x00000000a9700000)
 Metaspace       used 78340K, committed 79936K, reserved 1179648K
  class space    used 8229K, committed 8960K, reserved 1048576K
}
Event: 913.244 GC heap after
{Heap after GC invocations=668 (full 4):
 PSYoungGen      total 2048K, used 0K [0x00000000d5580000, 0x00000000d5880000, 0x0000000100000000)
  eden space 1536K, 0% used [0x00000000d5580000,0x00000000d5580000,0x00000000d5700000)
  from space 512K, 0% used [0x00000000d5800000,0x00000000d5800000,0x00000000d5880000)
  to   space 512K, 0% used [0x00000000d5780000,0x00000000d5780000,0x00000000d5800000)
 ParOldGen       total 678912K, used 239869K [0x0000000080000000, 0x00000000a9700000, 0x00000000d5580000)
  object space 678912K, 35% used [0x0000000080000000,0x000000008ea3f4f0,0x00000000a9700000)
 Metaspace       used 78325K, committed 79936K, reserved 1179648K
  class space    used 8225K, committed 8960K, reserved 1048576K
}
Event: 913.454 GC heap before
{Heap before GC invocations=669 (full 4):
 PSYoungGen      total 2048K, used 1536K [0x00000000d5580000, 0x00000000d5880000, 0x0000000100000000)
  eden space 1536K, 100% used [0x00000000d5580000,0x00000000d5700000,0x00000000d5700000)
  from space 512K, 0% used [0x00000000d5800000,0x00000000d5800000,0x00000000d5880000)
  to   space 512K, 0% used [0x00000000d5780000,0x00000000d5780000,0x00000000d5800000)
 ParOldGen       total 678912K, used 239869K [0x0000000080000000, 0x00000000a9700000, 0x00000000d5580000)
  object space 678912K, 35% used [0x0000000080000000,0x000000008ea3f4f0,0x00000000a9700000)
 Metaspace       used 78341K, committed 79936K, reserved 1179648K
  class space    used 8225K, committed 8960K, reserved 1048576K
}
Event: 913.455 GC heap after
{Heap after GC invocations=669 (full 4):
 PSYoungGen      total 2560K, used 320K [0x00000000d5580000, 0x00000000d5880000, 0x0000000100000000)
  eden space 2048K, 0% used [0x00000000d5580000,0x00000000d5580000,0x00000000d5780000)
  from space 512K, 62% used [0x00000000d5780000,0x00000000d57d0000,0x00000000d5800000)
  to   space 512K, 0% used [0x00000000d5800000,0x00000000d5800000,0x00000000d5880000)
 ParOldGen       total 678912K, used 239869K [0x0000000080000000, 0x00000000a9700000, 0x00000000d5580000)
  object space 678912K, 35% used [0x0000000080000000,0x000000008ea3f4f0,0x00000000a9700000)
 Metaspace       used 78341K, committed 79936K, reserved 1179648K
  class space    used 8225K, committed 8960K, reserved 1048576K
}
Event: 914.502 GC heap before
{Heap before GC invocations=670 (full 4):
 PSYoungGen      total 2560K, used 2368K [0x00000000d5580000, 0x00000000d5880000, 0x0000000100000000)
  eden space 2048K, 100% used [0x00000000d5580000,0x00000000d5780000,0x00000000d5780000)
  from space 512K, 62% used [0x00000000d5780000,0x00000000d57d0000,0x00000000d5800000)
  to   space 512K, 0% used [0x00000000d5800000,0x00000000d5800000,0x00000000d5880000)
 ParOldGen       total 678912K, used 239869K [0x0000000080000000, 0x00000000a9700000, 0x00000000d5580000)
  object space 678912K, 35% used [0x0000000080000000,0x000000008ea3f4f0,0x00000000a9700000)
 Metaspace       used 78346K, committed 79936K, reserved 1179648K
  class space    used 8225K, committed 8960K, reserved 1048576K
}
Event: 914.503 GC heap after
{Heap after GC invocations=670 (full 4):
 PSYoungGen      total 2560K, used 160K [0x00000000d5580000, 0x00000000d5880000, 0x0000000100000000)
  eden space 2048K, 0% used [0x00000000d5580000,0x00000000d5580000,0x00000000d5780000)
  from space 512K, 31% used [0x00000000d5800000,0x00000000d5828000,0x00000000d5880000)
  to   space 512K, 0% used [0x00000000d5780000,0x00000000d5780000,0x00000000d5800000)
 ParOldGen       total 678912K, used 239989K [0x0000000080000000, 0x00000000a9700000, 0x00000000d5580000)
  object space 678912K, 35% used [0x0000000080000000,0x000000008ea5d4f0,0x00000000a9700000)
 Metaspace       used 78346K, committed 79936K, reserved 1179648K
  class space    used 8225K, committed 8960K, reserved 1048576K
}
Event: 914.512 GC heap before
{Heap before GC invocations=671 (full 4):
 PSYoungGen      total 2560K, used 2208K [0x00000000d5580000, 0x00000000d5880000, 0x0000000100000000)
  eden space 2048K, 100% used [0x00000000d5580000,0x00000000d5780000,0x00000000d5780000)
  from space 512K, 31% used [0x00000000d5800000,0x00000000d5828000,0x00000000d5880000)
  to   space 512K, 0% used [0x00000000d5780000,0x00000000d5780000,0x00000000d5800000)
 ParOldGen       total 678912K, used 239989K [0x0000000080000000, 0x00000000a9700000, 0x00000000d5580000)
  object space 678912K, 35% used [0x0000000080000000,0x000000008ea5d4f0,0x00000000a9700000)
 Metaspace       used 78350K, committed 79936K, reserved 1179648K
  class space    used 8225K, committed 8960K, reserved 1048576K
}
Event: 914.513 GC heap after
{Heap after GC invocations=671 (full 4):
 PSYoungGen      total 2560K, used 384K [0x00000000d5580000, 0x00000000d5880000, 0x0000000100000000)
  eden space 2048K, 0% used [0x00000000d5580000,0x00000000d5580000,0x00000000d5780000)
  from space 512K, 75% used [0x00000000d5780000,0x00000000d57e0020,0x00000000d5800000)
  to   space 512K, 0% used [0x00000000d5800000,0x00000000d5800000,0x00000000d5880000)
 ParOldGen       total 678912K, used 240013K [0x0000000080000000, 0x00000000a9700000, 0x00000000d5580000)
  object space 678912K, 35% used [0x0000000080000000,0x000000008ea634f0,0x00000000a9700000)
 Metaspace       used 78350K, committed 79936K, reserved 1179648K
  class space    used 8225K, committed 8960K, reserved 1048576K
}

Dll operation events (14 events):
Event: 0.010 Loaded shared library c:\Users\Clay\.vscode\extensions\redhat.java-1.45.0-win32-x64\jre\21.0.8-win32-x86_64\bin\java.dll
Event: 0.065 Loaded shared library c:\Users\Clay\.vscode\extensions\redhat.java-1.45.0-win32-x64\jre\21.0.8-win32-x86_64\bin\zip.dll
Event: 0.081 Loaded shared library C:\Users\Clay\.vscode\extensions\redhat.java-1.45.0-win32-x64\jre\21.0.8-win32-x86_64\bin\instrument.dll
Event: 0.085 Loaded shared library C:\Users\Clay\.vscode\extensions\redhat.java-1.45.0-win32-x64\jre\21.0.8-win32-x86_64\bin\net.dll
Event: 0.087 Loaded shared library C:\Users\Clay\.vscode\extensions\redhat.java-1.45.0-win32-x64\jre\21.0.8-win32-x86_64\bin\nio.dll
Event: 0.089 Loaded shared library C:\Users\Clay\.vscode\extensions\redhat.java-1.45.0-win32-x64\jre\21.0.8-win32-x86_64\bin\zip.dll
Event: 0.103 Loaded shared library C:\Users\Clay\.vscode\extensions\redhat.java-1.45.0-win32-x64\jre\21.0.8-win32-x86_64\bin\jimage.dll
Event: 0.179 Loaded shared library c:\Users\Clay\.vscode\extensions\redhat.java-1.45.0-win32-x64\jre\21.0.8-win32-x86_64\bin\verify.dll
Event: 12.468 Loaded shared library C:\Users\Clay\AppData\Roaming\Code\User\globalStorage\redhat.java\1.45.0\config_win\org.eclipse.equinox.launcher\org.eclipse.equinox.launcher.win32.win32.x86_64_1.2.1400.v20250801-0854\eclipse_11916.dll
Event: 31.528 Loaded shared library C:\Users\Clay\.vscode\extensions\redhat.java-1.45.0-win32-x64\jre\21.0.8-win32-x86_64\bin\management.dll
Event: 31.531 Loaded shared library C:\Users\Clay\.vscode\extensions\redhat.java-1.45.0-win32-x64\jre\21.0.8-win32-x86_64\bin\management_ext.dll
Event: 33.224 Loaded shared library C:\Users\Clay\AppData\Local\Temp\jna-2102913\jna7098404860517789706.dll
Event: 33.691 Loaded shared library C:\Users\Clay\.vscode\extensions\redhat.java-1.45.0-win32-x64\jre\21.0.8-win32-x86_64\bin\sunmscapi.dll
Event: 33.821 Loaded shared library C:\Users\Clay\.vscode\extensions\redhat.java-1.45.0-win32-x64\jre\21.0.8-win32-x86_64\bin\extnet.dll

Deoptimization events (20 events):
Event: 810.655 Thread 0x0000021eef72a4f0 DEOPT PACKING pc=0x0000021ed9717bcc sp=0x000000fb812fdb20
Event: 810.655 Thread 0x0000021eef72a4f0 DEOPT UNPACKING pc=0x0000021ed8523aa2 sp=0x000000fb812fdad0 mode 2
Event: 810.708 Thread 0x0000021eef72a4f0 DEOPT PACKING pc=0x0000021ed29d327d sp=0x000000fb812fd8e0
Event: 810.708 Thread 0x0000021eef72a4f0 DEOPT UNPACKING pc=0x0000021ed8524242 sp=0x000000fb812fcd68 mode 0
Event: 810.716 Thread 0x0000021eef72a4f0 DEOPT PACKING pc=0x0000021ed29d327d sp=0x000000fb812fd8e0
Event: 810.716 Thread 0x0000021eef72a4f0 DEOPT UNPACKING pc=0x0000021ed8524242 sp=0x000000fb812fcd68 mode 0
Event: 910.008 Thread 0x0000021eef72a4f0 Uncommon trap: trap_request=0xffffff6e fr.pc=0x0000021ed9745f54 relative=0x0000000000000694
Event: 910.008 Thread 0x0000021eef72a4f0 Uncommon trap: reason=loop_limit_check action=maybe_recompile pc=0x0000021ed9745f54 method=org.eclipse.jdt.internal.compiler.lookup.ParameterizedTypeBinding.superInterfaces()[Lorg/eclipse/jdt/internal/compiler/lookup/ReferenceBinding; @ 122 c2
Event: 910.008 Thread 0x0000021eef72a4f0 DEOPT PACKING pc=0x0000021ed9745f54 sp=0x000000fb812fdad0
Event: 910.008 Thread 0x0000021eef72a4f0 DEOPT UNPACKING pc=0x0000021ed8523aa2 sp=0x000000fb812fdad0 mode 2
Event: 910.024 Thread 0x0000021eef72a4f0 DEOPT PACKING pc=0x0000021ed21c02ab sp=0x000000fb812fdc60
Event: 910.024 Thread 0x0000021eef72a4f0 DEOPT UNPACKING pc=0x0000021ed8524242 sp=0x000000fb812fd180 mode 0
Event: 912.510 Thread 0x0000021eef72a4f0 Uncommon trap: trap_request=0xffffff45 fr.pc=0x0000021ed96fd910 relative=0x0000000000000870
Event: 912.510 Thread 0x0000021eef72a4f0 Uncommon trap: reason=unstable_if action=reinterpret pc=0x0000021ed96fd910 method=org.eclipse.jdt.internal.compiler.parser.Scanner.getNextToken0()Lorg/eclipse/jdt/internal/compiler/parser/TerminalToken; @ 867 c2
Event: 912.510 Thread 0x0000021eef72a4f0 DEOPT PACKING pc=0x0000021ed96fd910 sp=0x000000fb812fe740
Event: 912.510 Thread 0x0000021eef72a4f0 DEOPT UNPACKING pc=0x0000021ed8523aa2 sp=0x000000fb812fe688 mode 2
Event: 912.555 Thread 0x0000021eef72a4f0 Uncommon trap: trap_request=0xffffff6e fr.pc=0x0000021ed9755c88 relative=0x0000000000001148
Event: 912.555 Thread 0x0000021eef72a4f0 Uncommon trap: reason=loop_limit_check action=maybe_recompile pc=0x0000021ed9755c88 method=org.eclipse.jdt.internal.compiler.lookup.BlockScope.findVariable([C)Lorg/eclipse/jdt/internal/compiler/lookup/LocalVariableBinding; @ 65 c2
Event: 912.555 Thread 0x0000021eef72a4f0 DEOPT PACKING pc=0x0000021ed9755c88 sp=0x000000fb812fddd0
Event: 912.555 Thread 0x0000021eef72a4f0 DEOPT UNPACKING pc=0x0000021ed8523aa2 sp=0x000000fb812fdc68 mode 2

Classes loaded (20 events):
Event: 73.415 Loading class java/util/stream/ReduceOps$1
Event: 73.415 Loading class java/util/stream/ReduceOps$1 done
Event: 73.415 Loading class java/util/stream/ReduceOps$1ReducingSink
Event: 73.415 Loading class java/util/stream/ReduceOps$1ReducingSink done
Event: 79.196 Loading class java/nio/file/Files$2
Event: 79.196 Loading class java/nio/file/Files$2 done
Event: 79.339 Loading class jdk/internal/event/SecurityPropertyModificationEvent
Event: 79.339 Loading class jdk/internal/event/SecurityPropertyModificationEvent done
Event: 79.506 Loading class java/util/zip/CheckedInputStream
Event: 79.506 Loading class java/util/zip/CheckedInputStream done
Event: 79.547 Loading class java/util/zip/GZIPInputStream$1
Event: 79.548 Loading class java/util/zip/GZIPInputStream$1 done
Event: 79.586 Loading class jdk/internal/ref/CleanerImpl$InnocuousThreadFactory
Event: 79.586 Loading class jdk/internal/ref/CleanerImpl$InnocuousThreadFactory done
Event: 509.344 Loading class java/io/CharArrayReader
Event: 509.345 Loading class java/io/CharArrayReader done
Event: 509.345 Loading class java/util/regex/Pattern$Bound
Event: 509.345 Loading class java/util/regex/Pattern$Bound done
Event: 810.561 Loading class java/util/Collections$EmptyListIterator
Event: 810.564 Loading class java/util/Collections$EmptyListIterator done

Classes unloaded (15 events):
Event: 32.195 Thread 0x0000021ecdd430a0 Unloading class 0x0000021e811a9000 'java/lang/invoke/LambdaForm$MH+0x0000021e811a9000'
Event: 32.195 Thread 0x0000021ecdd430a0 Unloading class 0x0000021e811a8c00 'java/lang/invoke/LambdaForm$MH+0x0000021e811a8c00'
Event: 32.195 Thread 0x0000021ecdd430a0 Unloading class 0x0000021e811a8800 'java/lang/invoke/LambdaForm$MH+0x0000021e811a8800'
Event: 32.195 Thread 0x0000021ecdd430a0 Unloading class 0x0000021e811a8400 'java/lang/invoke/LambdaForm$MH+0x0000021e811a8400'
Event: 32.195 Thread 0x0000021ecdd430a0 Unloading class 0x0000021e811a8000 'java/lang/invoke/LambdaForm$BMH+0x0000021e811a8000'
Event: 32.195 Thread 0x0000021ecdd430a0 Unloading class 0x0000021e811a7c00 'java/lang/invoke/LambdaForm$DMH+0x0000021e811a7c00'
Event: 32.195 Thread 0x0000021ecdd430a0 Unloading class 0x0000021e811a6800 'java/lang/invoke/LambdaForm$DMH+0x0000021e811a6800'
Event: 913.082 Thread 0x0000021ecdd430a0 Unloading class 0x0000021e81796c00 'java/lang/invoke/LambdaForm$MH+0x0000021e81796c00'
Event: 913.082 Thread 0x0000021ecdd430a0 Unloading class 0x0000021e81796400 'java/lang/invoke/LambdaForm$MH+0x0000021e81796400'
Event: 913.082 Thread 0x0000021ecdd430a0 Unloading class 0x0000021e81795c00 'java/lang/invoke/LambdaForm$MH+0x0000021e81795c00'
Event: 913.082 Thread 0x0000021ecdd430a0 Unloading class 0x0000021e81795400 'java/lang/invoke/LambdaForm$MH+0x0000021e81795400'
Event: 913.082 Thread 0x0000021ecdd430a0 Unloading class 0x0000021e81795000 'java/lang/invoke/LambdaForm$MH+0x0000021e81795000'
Event: 913.082 Thread 0x0000021ecdd430a0 Unloading class 0x0000021e816f9000 'java/lang/invoke/LambdaForm$MH+0x0000021e816f9000'
Event: 913.082 Thread 0x0000021ecdd430a0 Unloading class 0x0000021e816f8800 'java/lang/invoke/LambdaForm$MH+0x0000021e816f8800'
Event: 913.082 Thread 0x0000021ecdd430a0 Unloading class 0x0000021e816f8400 'java/lang/invoke/LambdaForm$MH+0x0000021e816f8400'

Classes redefined (0 events):
No events

Internal exceptions (20 events):
Event: 509.377 Thread 0x0000021eef72c5c0 Exception <a 'java/lang/ClassNotFoundException'{0x00000000d5622280}: sun/net/www/protocol/jdt/Handler> (0x00000000d5622280) 
thrown [s\src\hotspot\share\classfile\systemDictionary.cpp, line 312]
Event: 509.377 Thread 0x0000021eef72c5c0 Exception <a 'java/lang/ClassNotFoundException'{0x00000000d5624b60}: sun/net/www/protocol/jdt/Handler> (0x00000000d5624b60) 
thrown [s\src\hotspot\share\classfile\systemDictionary.cpp, line 312]
Event: 509.471 Thread 0x0000021eef72c5c0 Implicit null exception at 0x0000021ed9106def to 0x0000021ed91071cc
Event: 692.827 Thread 0x0000021eec673d40 Exception <a 'java/lang/IncompatibleClassChangeError'{0x00000000d61f3570}: Found class java.lang.Object, but interface was expected> (0x00000000d61f3570) 
thrown [s\src\hotspot\share\interpreter\linkResolver.cpp, line 840]
Event: 810.719 Thread 0x0000021eef72a4f0 Exception <a 'java/lang/ClassNotFoundException'{0x00000000d5695428}: sun/net/www/protocol/jdt/Handler> (0x00000000d5695428) 
thrown [s\src\hotspot\share\classfile\systemDictionary.cpp, line 312]
Event: 810.719 Thread 0x0000021eef72a4f0 Exception <a 'java/lang/ClassNotFoundException'{0x00000000d5698e60}: sun/net/www/protocol/jdt/Handler> (0x00000000d5698e60) 
thrown [s\src\hotspot\share\classfile\systemDictionary.cpp, line 312]
Event: 810.719 Thread 0x0000021eef72a4f0 Exception <a 'java/lang/ClassNotFoundException'{0x00000000d569bb98}: sun/net/www/protocol/jdt/Handler> (0x00000000d569bb98) 
thrown [s\src\hotspot\share\classfile\systemDictionary.cpp, line 312]
Event: 810.719 Thread 0x0000021eef72a4f0 Exception <a 'java/lang/ClassNotFoundException'{0x00000000d569e088}: sun/net/www/protocol/jdt/Handler> (0x00000000d569e088) 
thrown [s\src\hotspot\share\classfile\systemDictionary.cpp, line 312]
Event: 810.719 Thread 0x0000021eef72a4f0 Exception <a 'java/lang/ClassNotFoundException'{0x00000000d56a1b20}: sun/net/www/protocol/jdt/Handler> (0x00000000d56a1b20) 
thrown [s\src\hotspot\share\classfile\systemDictionary.cpp, line 312]
Event: 810.719 Thread 0x0000021eef72a4f0 Exception <a 'java/lang/ClassNotFoundException'{0x00000000d56a4010}: sun/net/www/protocol/jdt/Handler> (0x00000000d56a4010) 
thrown [s\src\hotspot\share\classfile\systemDictionary.cpp, line 312]
Event: 810.719 Thread 0x0000021eef72a4f0 Exception <a 'java/lang/ClassNotFoundException'{0x00000000d56a7870}: sun/net/www/protocol/jdt/Handler> (0x00000000d56a7870) 
thrown [s\src\hotspot\share\classfile\systemDictionary.cpp, line 312]
Event: 810.719 Thread 0x0000021eef72a4f0 Exception <a 'java/lang/ClassNotFoundException'{0x00000000d56a9d60}: sun/net/www/protocol/jdt/Handler> (0x00000000d56a9d60) 
thrown [s\src\hotspot\share\classfile\systemDictionary.cpp, line 312]
Event: 810.719 Thread 0x0000021eef72a4f0 Exception <a 'java/lang/ClassNotFoundException'{0x00000000d56ac278}: sun/net/www/protocol/jdt/Handler> (0x00000000d56ac278) 
thrown [s\src\hotspot\share\classfile\systemDictionary.cpp, line 312]
Event: 810.720 Thread 0x0000021eef72a4f0 Exception <a 'java/lang/ClassNotFoundException'{0x00000000d56b2e38}: sun/net/www/protocol/jdt/Handler> (0x00000000d56b2e38) 
thrown [s\src\hotspot\share\classfile\systemDictionary.cpp, line 312]
Event: 810.720 Thread 0x0000021eef72a4f0 Exception <a 'java/lang/ClassNotFoundException'{0x00000000d56ba6a0}: sun/net/www/protocol/jdt/Handler> (0x00000000d56ba6a0) 
thrown [s\src\hotspot\share\classfile\systemDictionary.cpp, line 312]
Event: 810.720 Thread 0x0000021eef72a4f0 Exception <a 'java/lang/ClassNotFoundException'{0x00000000d56bcf18}: sun/net/www/protocol/jdt/Handler> (0x00000000d56bcf18) 
thrown [s\src\hotspot\share\classfile\systemDictionary.cpp, line 312]
Event: 810.720 Thread 0x0000021eef72a4f0 Exception <a 'java/lang/ClassNotFoundException'{0x00000000d56bf9d0}: sun/net/www/protocol/jdt/Handler> (0x00000000d56bf9d0) 
thrown [s\src\hotspot\share\classfile\systemDictionary.cpp, line 312]
Event: 810.720 Thread 0x0000021eef72a4f0 Exception <a 'java/lang/ClassNotFoundException'{0x00000000d56c2290}: sun/net/www/protocol/jdt/Handler> (0x00000000d56c2290) 
thrown [s\src\hotspot\share\classfile\systemDictionary.cpp, line 312]
Event: 810.720 Thread 0x0000021eef72a4f0 Exception <a 'java/lang/ClassNotFoundException'{0x00000000d56c4b28}: sun/net/www/protocol/jdt/Handler> (0x00000000d56c4b28) 
thrown [s\src\hotspot\share\classfile\systemDictionary.cpp, line 312]
Event: 810.720 Thread 0x0000021eef72a4f0 Exception <a 'java/lang/ClassNotFoundException'{0x00000000d56c7638}: sun/net/www/protocol/jdt/Handler> (0x00000000d56c7638) 
thrown [s\src\hotspot\share\classfile\systemDictionary.cpp, line 312]

ZGC Phase Switch (0 events):
No events

VM Operations (20 events):
Event: 55656.712 Executing VM operation: RendezvousGCThreads
Event: 55656.712 Executing VM operation: RendezvousGCThreads done
Event: 55776.809 Executing VM operation: HandshakeAllThreads (HandshakeForDeflation)
Event: 55776.809 Executing VM operation: HandshakeAllThreads (HandshakeForDeflation) done
Event: 55776.809 Executing VM operation: RendezvousGCThreads
Event: 55776.809 Executing VM operation: RendezvousGCThreads done
Event: 55904.046 Executing VM operation: Cleanup
Event: 55904.046 Executing VM operation: Cleanup done
Event: 55957.342 Executing VM operation: HandshakeAllThreads (HandshakeForDeflation)
Event: 55957.342 Executing VM operation: HandshakeAllThreads (HandshakeForDeflation) done
Event: 55957.342 Executing VM operation: RendezvousGCThreads
Event: 55957.342 Executing VM operation: RendezvousGCThreads done
Event: 56318.489 Executing VM operation: HandshakeAllThreads (HandshakeForDeflation)
Event: 56318.490 Executing VM operation: HandshakeAllThreads (HandshakeForDeflation) done
Event: 56318.490 Executing VM operation: RendezvousGCThreads
Event: 56318.490 Executing VM operation: RendezvousGCThreads done
Event: 56438.648 Executing VM operation: HandshakeAllThreads (HandshakeForDeflation)
Event: 56438.648 Executing VM operation: HandshakeAllThreads (HandshakeForDeflation) done
Event: 56438.648 Executing VM operation: RendezvousGCThreads
Event: 56438.648 Executing VM operation: RendezvousGCThreads done

Memory protections (0 events):
No events

Nmethod flushes (20 events):
Event: 913.123 Thread 0x0000021ecdd430a0 flushing  nmethod 0x0000021ed1ea6810
Event: 913.123 Thread 0x0000021ecdd430a0 flushing  nmethod 0x0000021ed1ea6d90
Event: 913.123 Thread 0x0000021ecdd430a0 flushing  nmethod 0x0000021ed1ea7b90
Event: 913.123 Thread 0x0000021ecdd430a0 flushing  nmethod 0x0000021ed1eb0f10
Event: 913.123 Thread 0x0000021ecdd430a0 flushing  nmethod 0x0000021ed1eb4110
Event: 913.123 Thread 0x0000021ecdd430a0 flushing  nmethod 0x0000021ed1eb6b90
Event: 913.123 Thread 0x0000021ecdd430a0 flushing  nmethod 0x0000021ed1eb7e10
Event: 913.123 Thread 0x0000021ecdd430a0 flushing  nmethod 0x0000021ed1ebaa90
Event: 913.123 Thread 0x0000021ecdd430a0 flushing  nmethod 0x0000021ed1ebb110
Event: 913.123 Thread 0x0000021ecdd430a0 flushing  nmethod 0x0000021ed1ebec90
Event: 913.123 Thread 0x0000021ecdd430a0 flushing  nmethod 0x0000021ed1ec0190
Event: 913.123 Thread 0x0000021ecdd430a0 flushing  nmethod 0x0000021ed1ecaa90
Event: 913.123 Thread 0x0000021ecdd430a0 flushing  nmethod 0x0000021ed1ee1610
Event: 913.123 Thread 0x0000021ecdd430a0 flushing  nmethod 0x0000021ed1ee4b90
Event: 913.123 Thread 0x0000021ecdd430a0 flushing  nmethod 0x0000021ed1f02010
Event: 913.123 Thread 0x0000021ecdd430a0 flushing  nmethod 0x0000021ed1f0b890
Event: 913.123 Thread 0x0000021ecdd430a0 flushing  nmethod 0x0000021ed1f22b90
Event: 913.123 Thread 0x0000021ecdd430a0 flushing  nmethod 0x0000021ed1f4f990
Event: 913.123 Thread 0x0000021ecdd430a0 flushing  nmethod 0x0000021ed1fa1a90
Event: 913.123 Thread 0x0000021ecdd430a0 flushing  nmethod 0x0000021ed1fa2790

Events (20 events):
Event: 749.552 Thread 0x0000021eef72e690 Thread added: 0x0000021eebd905f0
Event: 809.791 Thread 0x0000021ee6660090 Thread added: 0x0000021eed415810
Event: 810.519 Thread 0x0000021eed415810 Thread exited: 0x0000021eed415810
Event: 810.604 Thread 0x0000021ee6660090 Thread added: 0x0000021eed418e90
Event: 810.613 Thread 0x0000021ee6660090 Thread added: 0x0000021eed415810
Event: 812.979 Thread 0x0000021eed415810 Thread exited: 0x0000021eed415810
Event: 817.999 Thread 0x0000021eed418e90 Thread exited: 0x0000021eed418e90
Event: 881.629 Thread 0x0000021ee6660090 Thread added: 0x0000021eed418e90
Event: 884.215 Thread 0x0000021eed418e90 Thread exited: 0x0000021eed418e90
Event: 912.518 Thread 0x0000021ee6660090 Thread added: 0x0000021eed418e90
Event: 912.924 Thread 0x0000021eed418e90 Thread exited: 0x0000021eed418e90
Event: 974.521 Thread 0x0000021eef72bf30 Thread exited: 0x0000021eef72bf30
Event: 1034.534 Thread 0x0000021eef72a4f0 Thread exited: 0x0000021eef72a4f0
Event: 1094.548 Thread 0x0000021eef730760 Thread exited: 0x0000021eef730760
Event: 1154.551 Thread 0x0000021eef72f3b0 Thread exited: 0x0000021eef72f3b0
Event: 1214.559 Thread 0x0000021eef72c5c0 Thread exited: 0x0000021eef72c5c0
Event: 1274.559 Thread 0x0000021eef730df0 Thread exited: 0x0000021eef730df0
Event: 1334.569 Thread 0x0000021eebd905f0 Thread exited: 0x0000021eebd905f0
Event: 1394.574 Thread 0x0000021eef72e690 Thread exited: 0x0000021eef72e690
Event: 1454.580 Thread 0x0000021eef72ed20 Thread exited: 0x0000021eef72ed20


Dynamic libraries:
0x00007ff644e90000 - 0x00007ff644e9e000 	c:\Users\Clay\.vscode\extensions\redhat.java-1.45.0-win32-x64\jre\21.0.8-win32-x86_64\bin\java.exe
0x00007ffa9a000000 - 0x00007ffa9a269000 	C:\Windows\SYSTEM32\ntdll.dll
0x00007ffa98e10000 - 0x00007ffa98ed9000 	C:\Windows\System32\KERNEL32.DLL
0x00007ffa977c0000 - 0x00007ffa97bb3000 	C:\Windows\System32\KERNELBASE.dll
0x00007ffa97c80000 - 0x00007ffa97dcb000 	C:\Windows\System32\ucrtbase.dll
0x00007ffa87d80000 - 0x00007ffa87d98000 	c:\Users\Clay\.vscode\extensions\redhat.java-1.45.0-win32-x64\jre\21.0.8-win32-x86_64\bin\jli.dll
0x00007ffa980f0000 - 0x00007ffa982b4000 	C:\Windows\System32\USER32.dll
0x00007ffa97620000 - 0x00007ffa97647000 	C:\Windows\System32\win32u.dll
0x00007ffa996e0000 - 0x00007ffa9970b000 	C:\Windows\System32\GDI32.dll
0x00007ffa97190000 - 0x00007ffa972bd000 	C:\Windows\System32\gdi32full.dll
0x00007ffa97570000 - 0x00007ffa97613000 	C:\Windows\System32\msvcp_win.dll
0x00007ffa76e80000 - 0x00007ffa76e9e000 	c:\Users\Clay\.vscode\extensions\redhat.java-1.45.0-win32-x64\jre\21.0.8-win32-x86_64\bin\VCRUNTIME140.dll
0x00007ffa70ce0000 - 0x00007ffa70f73000 	C:\Windows\WinSxS\amd64_microsoft.windows.common-controls_6595b64144ccf1df_6.0.26100.5074_none_3e0d6f78e32fd63f\COMCTL32.dll
0x00007ffa991a0000 - 0x00007ffa99249000 	C:\Windows\System32\msvcrt.dll
0x00007ffa97e50000 - 0x00007ffa97e7f000 	C:\Windows\System32\IMM32.DLL
0x00007ffa8d3b0000 - 0x00007ffa8d3bc000 	c:\Users\Clay\.vscode\extensions\redhat.java-1.45.0-win32-x64\jre\21.0.8-win32-x86_64\bin\vcruntime140_1.dll
0x00007ffa2e600000 - 0x00007ffa2e68d000 	c:\Users\Clay\.vscode\extensions\redhat.java-1.45.0-win32-x64\jre\21.0.8-win32-x86_64\bin\msvcp140.dll
0x00007ff9b63f0000 - 0x00007ff9b7187000 	c:\Users\Clay\.vscode\extensions\redhat.java-1.45.0-win32-x64\jre\21.0.8-win32-x86_64\bin\server\jvm.dll
0x00007ffa98ee0000 - 0x00007ffa98f94000 	C:\Windows\System32\ADVAPI32.dll
0x00007ffa99530000 - 0x00007ffa995d6000 	C:\Windows\System32\sechost.dll
0x00007ffa98470000 - 0x00007ffa98588000 	C:\Windows\System32\RPCRT4.dll
0x00007ffa97ec0000 - 0x00007ffa97f34000 	C:\Windows\System32\WS2_32.dll
0x00007ffa95da0000 - 0x00007ffa95dfe000 	C:\Windows\SYSTEM32\POWRPROF.dll
0x00007ffa8c640000 - 0x00007ffa8c64b000 	C:\Windows\SYSTEM32\VERSION.dll
0x00007ffa8c050000 - 0x00007ffa8c085000 	C:\Windows\SYSTEM32\WINMM.dll
0x00007ffa95d80000 - 0x00007ffa95d94000 	C:\Windows\SYSTEM32\UMPDC.dll
0x00007ffa96070000 - 0x00007ffa9608b000 	C:\Windows\SYSTEM32\kernel.appcore.dll
0x00007ffa8b7e0000 - 0x00007ffa8b7ea000 	c:\Users\Clay\.vscode\extensions\redhat.java-1.45.0-win32-x64\jre\21.0.8-win32-x86_64\bin\jimage.dll
0x00007ffa94850000 - 0x00007ffa94a92000 	C:\Windows\SYSTEM32\DBGHELP.DLL
0x00007ffa98590000 - 0x00007ffa9890b000 	C:\Windows\System32\combase.dll
0x00007ffa99790000 - 0x00007ffa99867000 	C:\Windows\System32\OLEAUT32.dll
0x00007ffa50090000 - 0x00007ffa500cd000 	C:\Windows\SYSTEM32\dbgcore.DLL
0x00007ffa972c0000 - 0x00007ffa97359000 	C:\Windows\System32\bcryptPrimitives.dll
0x00007ffa79360000 - 0x00007ffa7936f000 	c:\Users\Clay\.vscode\extensions\redhat.java-1.45.0-win32-x64\jre\21.0.8-win32-x86_64\bin\instrument.dll
0x00007ffa70040000 - 0x00007ffa7005f000 	c:\Users\Clay\.vscode\extensions\redhat.java-1.45.0-win32-x64\jre\21.0.8-win32-x86_64\bin\java.dll
0x00007ffa99870000 - 0x00007ffa99fbd000 	C:\Windows\System32\SHELL32.dll
0x00007ffa97650000 - 0x00007ffa977bc000 	C:\Windows\System32\wintypes.dll
0x00007ffa94df0000 - 0x00007ffa95649000 	C:\Windows\SYSTEM32\windows.storage.dll
0x00007ffa99430000 - 0x00007ffa99520000 	C:\Windows\System32\SHCORE.dll
0x00007ffa98910000 - 0x00007ffa98972000 	C:\Windows\System32\shlwapi.dll
0x00007ffa970b0000 - 0x00007ffa970d9000 	C:\Windows\SYSTEM32\profapi.dll
0x00007ffa4f530000 - 0x00007ffa4f548000 	c:\Users\Clay\.vscode\extensions\redhat.java-1.45.0-win32-x64\jre\21.0.8-win32-x86_64\bin\zip.dll
0x00007ffa793a0000 - 0x00007ffa793b0000 	C:\Users\Clay\.vscode\extensions\redhat.java-1.45.0-win32-x64\jre\21.0.8-win32-x86_64\bin\net.dll
0x00007ffa8d490000 - 0x00007ffa8d5af000 	C:\Windows\SYSTEM32\WINHTTP.dll
0x00007ffa96610000 - 0x00007ffa9667b000 	C:\Windows\system32\mswsock.dll
0x00007ffa48fd0000 - 0x00007ffa48fe6000 	C:\Users\Clay\.vscode\extensions\redhat.java-1.45.0-win32-x64\jre\21.0.8-win32-x86_64\bin\nio.dll
0x00007ffa70000000 - 0x00007ffa70010000 	c:\Users\Clay\.vscode\extensions\redhat.java-1.45.0-win32-x64\jre\21.0.8-win32-x86_64\bin\verify.dll
0x00007ffa31bb0000 - 0x00007ffa31bf4000 	C:\Users\Clay\AppData\Roaming\Code\User\globalStorage\redhat.java\1.45.0\config_win\org.eclipse.equinox.launcher\org.eclipse.equinox.launcher.win32.win32.x86_64_1.2.1400.v20250801-0854\eclipse_11916.dll
0x00007ffa97f50000 - 0x00007ffa980e8000 	C:\Windows\System32\ole32.dll
0x00007ffa6c740000 - 0x00007ffa6c74a000 	C:\Users\Clay\.vscode\extensions\redhat.java-1.45.0-win32-x64\jre\21.0.8-win32-x86_64\bin\management.dll
0x00007ffa6c3b0000 - 0x00007ffa6c3bb000 	C:\Users\Clay\.vscode\extensions\redhat.java-1.45.0-win32-x64\jre\21.0.8-win32-x86_64\bin\management_ext.dll
0x00007ffa99180000 - 0x00007ffa99188000 	C:\Windows\System32\PSAPI.DLL
0x00007ffa968b0000 - 0x00007ffa968cb000 	C:\Windows\SYSTEM32\CRYPTSP.dll
0x00007ffa95fd0000 - 0x00007ffa9600b000 	C:\Windows\system32\rsaenh.dll
0x00007ffa966b0000 - 0x00007ffa966db000 	C:\Windows\SYSTEM32\USERENV.dll
0x00007ffa97080000 - 0x00007ffa970a6000 	C:\Windows\SYSTEM32\bcrypt.dll
0x00007ffa968d0000 - 0x00007ffa968dc000 	C:\Windows\SYSTEM32\CRYPTBASE.dll
0x00007ffa959d0000 - 0x00007ffa95a04000 	C:\Windows\SYSTEM32\IPHLPAPI.DLL
0x00007ffa97e40000 - 0x00007ffa97e4a000 	C:\Windows\System32\NSI.dll
0x00007ffa35290000 - 0x00007ffa352d9000 	C:\Users\Clay\AppData\Local\Temp\jna-2102913\jna7098404860517789706.dll
0x00007ffa8d460000 - 0x00007ffa8d47e000 	C:\Windows\SYSTEM32\dhcpcsvc6.DLL
0x00007ffa8d300000 - 0x00007ffa8d323000 	C:\Windows\SYSTEM32\dhcpcsvc.DLL
0x00007ffa6b380000 - 0x00007ffa6b38e000 	C:\Users\Clay\.vscode\extensions\redhat.java-1.45.0-win32-x64\jre\21.0.8-win32-x86_64\bin\sunmscapi.dll
0x00007ffa973f0000 - 0x00007ffa97567000 	C:\Windows\System32\CRYPT32.dll
0x00007ffa96ad0000 - 0x00007ffa96b00000 	C:\Windows\SYSTEM32\ncrypt.dll
0x00007ffa96a80000 - 0x00007ffa96abf000 	C:\Windows\SYSTEM32\NTASN1.dll
0x00007ffa95a60000 - 0x00007ffa95b86000 	C:\Windows\SYSTEM32\DNSAPI.dll
0x00007ffa77510000 - 0x00007ffa7751b000 	C:\Windows\System32\rasadhlp.dll
0x00007ffa8c650000 - 0x00007ffa8c6d6000 	C:\Windows\System32\fwpuclnt.dll
0x00007ffa67d80000 - 0x00007ffa67d89000 	C:\Users\Clay\.vscode\extensions\redhat.java-1.45.0-win32-x64\jre\21.0.8-win32-x86_64\bin\extnet.dll

JVMTI agents:
c:\Users\Clay\.vscode\extensions\redhat.java-1.45.0-win32-x64\lombok\lombok-1.18.39-4050.jar path:c:\Users\Clay\.vscode\extensions\redhat.java-1.45.0-win32-x64\jre\21.0.8-win32-x86_64\bin\instrument.dll, loaded, initialized, instrumentlib options:none

dbghelp: loaded successfully - version: 4.0.5 - missing functions: none
symbol engine: initialized successfully - sym options: 0x614 - pdb path: .;c:\Users\Clay\.vscode\extensions\redhat.java-1.45.0-win32-x64\jre\21.0.8-win32-x86_64\bin;C:\Windows\SYSTEM32;C:\Windows\WinSxS\amd64_microsoft.windows.common-controls_6595b64144ccf1df_6.0.26100.5074_none_3e0d6f78e32fd63f;c:\Users\Clay\.vscode\extensions\redhat.java-1.45.0-win32-x64\jre\21.0.8-win32-x86_64\bin\server;C:\Users\Clay\AppData\Roaming\Code\User\globalStorage\redhat.java\1.45.0\config_win\org.eclipse.equinox.launcher\org.eclipse.equinox.launcher.win32.win32.x86_64_1.2.1400.v20250801-0854;C:\Users\Clay\AppData\Local\Temp\jna-2102913

VM Arguments:
jvm_args: --add-modules=ALL-SYSTEM --add-opens=java.base/java.util=ALL-UNNAMED --add-opens=java.base/java.lang=ALL-UNNAMED --add-opens=java.base/sun.nio.fs=ALL-UNNAMED -Declipse.application=org.eclipse.jdt.ls.core.id1 -Dosgi.bundles.defaultStartLevel=4 -Declipse.product=org.eclipse.jdt.ls.core.product -Djava.import.generatesMetadataFilesAtProjectRoot=false -DDetectVMInstallationsJob.disabled=true -Dfile.encoding=utf8 -XX:+UseParallelGC -XX:GCTimeRatio=4 -XX:AdaptiveSizePolicyWeight=90 -Dsun.zip.disableMemoryMapping=true -Xmx2G -Xms100m -Xlog:disable -javaagent:c:\Users\Clay\.vscode\extensions\redhat.java-1.45.0-win32-x64\lombok\lombok-1.18.39-4050.jar -XX:+HeapDumpOnOutOfMemoryError -XX:HeapDumpPath=c:\Users\Clay\AppData\Roaming\Code\User\workspaceStorage\b69d79a0f6273fe3e750f218708defd9\redhat.java -Daether.dependencyCollector.impl=bf 
java_command: c:\Users\Clay\.vscode\extensions\redhat.java-1.45.0-win32-x64\server\plugins\org.eclipse.equinox.launcher_1.7.0.v20250519-0528.jar -configuration c:\Users\Clay\AppData\Roaming\Code\User\globalStorage\redhat.java\1.45.0\config_win -data c:\Users\Clay\AppData\Roaming\Code\User\workspaceStorage\b69d79a0f6273fe3e750f218708defd9\redhat.java\jdt_ws --pipe=\\.\pipe\lsp-0ae55ce7bf795dec87208aaa4bcafee2-sock
java_class_path (initial): c:\Users\Clay\.vscode\extensions\redhat.java-1.45.0-win32-x64\server\plugins\org.eclipse.equinox.launcher_1.7.0.v20250519-0528.jar
Launcher Type: SUN_STANDARD

[Global flags]
    uintx AdaptiveSizePolicyWeight                 = 90                                        {product} {command line}
     intx CICompilerCount                          = 4                                         {product} {ergonomic}
    uintx GCTimeRatio                              = 4                                         {product} {command line}
     bool HeapDumpOnOutOfMemoryError               = true                                   {manageable} {command line}
    ccstr HeapDumpPath                             = c:\Users\Clay\AppData\Roaming\Code\User\workspaceStorage\b69d79a0f6273fe3e750f218708defd9\redhat.java         {manageable} {command line}
   size_t InitialHeapSize                          = 104857600                                 {product} {command line}
   size_t MaxHeapSize                              = 2147483648                                {product} {command line}
   size_t MaxNewSize                               = 715653120                                 {product} {ergonomic}
   size_t MinHeapDeltaBytes                        = 524288                                    {product} {ergonomic}
   size_t MinHeapSize                              = 104857600                                 {product} {command line}
   size_t NewSize                                  = 34603008                                  {product} {ergonomic}
    uintx NonNMethodCodeHeapSize                   = 5839372                                {pd product} {ergonomic}
    uintx NonProfiledCodeHeapSize                  = 122909434                              {pd product} {ergonomic}
   size_t OldSize                                  = 70254592                                  {product} {ergonomic}
    uintx ProfiledCodeHeapSize                     = 122909434                              {pd product} {ergonomic}
    uintx ReservedCodeCacheSize                    = 251658240                              {pd product} {ergonomic}
     bool SegmentedCodeCache                       = true                                      {product} {ergonomic}
   size_t SoftMaxHeapSize                          = 2147483648                             {manageable} {ergonomic}
     bool UseCompressedOops                        = true                           {product lp64_product} {ergonomic}
     bool UseLargePagesIndividualAllocation        = false                                  {pd product} {ergonomic}
     bool UseParallelGC                            = true                                      {product} {command line}

Logging:
Log output configuration:
 #0: stdout all=off uptime,level,tags foldmultilines=false
 #1: stderr all=off uptime,level,tags foldmultilines=false

Environment Variables:
JAVA_HOME=C:\Program Files\Eclipse Adoptium\jdk-21.0.8.9-hotspot
PATH=C:\Program Files\Common Files\Oracle\Java\javapath;C:\Program Files (x86)\Common Files\Oracle\Java\java8path;C:\Program Files (x86)\Common Files\Oracle\Java\javapath;C:\Windows\system32;C:\Windows;C:\Windows\System32\Wbem;C:\Windows\System32\WindowsPowerShell\v1.0\;C:\Windows\System32\OpenSSH\;C:\Program Files (x86)\NVIDIA Corporation\PhysX\Common;C:\Program Files\NVIDIA Corporation\NVIDIA NvDLISR;C:\Program Files\dotnet\;C:\Program Files (x86)\Windows Kits\10\Windows Performance Toolkit\;C:\Program Files\Git\cmd;C:\Program Files\GitHub CLI\;C:\Program Files\Git LFS;C:\Program Files\gs\gs10.05.0\bin;C:\Program Files\nodejs\;C:\Program Files\Docker\Docker\resources\bin;C:\Program Files\poppler-24.08.0\Library\bin;C:\Program Files\Tesseract-OCR;C:\Users\Clay\AppData\Local\Android\Sdk\platform-tools;C:\Users\Clay\AppData\Local\Android\Sdk\emulator;C:\Program Files\Eclipse Adoptium\jdk-21.0.8.9-hotspot\bin;C:\Python311\Scripts\;C:\Python311\;C:\Python313\Scripts\;C:\Python313\;C:\Users\Clay\AppData\Local\Programs\Python\Launcher\;C:\Users\Clay\AppData\Local\Microsoft\WindowsApps;C:\Users\Clay\AppData\Local\Programs\Microsoft VS Code\bin;C:\Users\Clay\.dotnet\tools;C:\Program Files\Graphviz\bin;C:\Program Files\gs\gs10.05.0\bin;C:\Users\Clay\AppData\Roaming\npm
USERNAME=Clay
OS=Windows_NT
PROCESSOR_IDENTIFIER=Intel64 Family 6 Model 186 Stepping 2, GenuineIntel
TMP=C:\Users\Clay\AppData\Local\Temp
TEMP=C:\Users\Clay\AppData\Local\Temp




Periodic native trim disabled

---------------  S Y S T E M  ---------------

OS:
 Windows 11 , 64 bit Build 26100 (10.0.26100.5074)
OS uptime: 1 days 1:49 hours
Hyper-V role detected

CPU: total 12 (initial active 12) (6 cores per cpu, 2 threads per core) family 6 model 186 stepping 2 microcode 0x5103, cx8, cmov, fxsr, ht, mmx, 3dnowpref, sse, sse2, sse3, ssse3, sse4.1, sse4.2, popcnt, lzcnt, tsc, tscinvbit, avx, avx2, aes, erms, clmul, bmi1, bmi2, adx, sha, fma, vzeroupper, clflush, clflushopt, clwb, hv, serialize, rdtscp, rdpid, fsrm, f16c, cet_ibt, cet_ss
Processor Information for the first 12 processors :
  Max Mhz: 2100, Current Mhz: 2100, Mhz Limit: 2100

Memory: 4k page, system-wide physical 16087M (846M free)
TotalPageFile size 65239M (AvailPageFile size 4M)
current process WorkingSet (physical memory assigned to process): 16M, peak: 991M
current process commit charge ("private bytes"): 1018M, peak: 1022M

vm_info: OpenJDK 64-Bit Server VM (21.0.8+9-LTS) for windows-amd64 JRE (21.0.8+9-LTS), built on 2025-07-15T00:00:00Z by "admin" with MS VC++ 17.7 (VS2022)

END.
